<?xml version="1.0" encoding="UTF-8"?><testsuite errors="0" failures="0" name="ui.swagger.bestbuyapiplaygroundinfo.ServicesCRUDTestWithSteps" skipped="0" tests="4" time="11.06" timestamp="2022-06-07T12:46:14.515+01:00[Europe/London]"><testcase classname="ui.swagger.bestbuyapiplaygroundinfo.ServicesCRUDTestWithSteps" name="This test will create a new service"/><testcase classname="ui.swagger.bestbuyapiplaygroundinfo.ServicesCRUDTestWithSteps" name="Verify the service was added to the application"/><testcase classname="ui.swagger.bestbuyapiplaygroundinfo.ServicesCRUDTestWithSteps" name="Update the service information and verify the updated information"/><testcase classname="ui.swagger.bestbuyapiplaygroundinfo.ServicesCRUDTestWithSteps" name="Delete the service and verify if the service has been deleted"/></testsuite>