<?xml version="1.0" encoding="UTF-8"?><testsuite errors="0" failures="0" name="ui.swagger.bestbuyapiplaygroundinfo.CategoryCRUDTestWithSteps" skipped="0" tests="4" time="10.2" timestamp="2022-06-07T13:13:48.938+01:00[Europe/London]"><testcase classname="ui.swagger.bestbuyapiplaygroundinfo.CategoryCRUDTestWithSteps" name="This test will create a new category"/><testcase classname="ui.swagger.bestbuyapiplaygroundinfo.CategoryCRUDTestWithSteps" name="Verify the category was added to the application"/><testcase classname="ui.swagger.bestbuyapiplaygroundinfo.CategoryCRUDTestWithSteps" name="Update the category information and verify the updated information"/><testcase classname="ui.swagger.bestbuyapiplaygroundinfo.CategoryCRUDTestWithSteps" name="Delete the category and verify if the category has been deleted"/></testsuite>