<?xml version="1.0" encoding="UTF-8"?><testsuite errors="0" failures="0" name="ui.swagger.bestbuyapiplaygroundinfo.ProductCRUDTestWithSteps" skipped="0" tests="4" time="7.84" timestamp="2022-06-07T12:17:59.073+01:00[Europe/London]"><testcase classname="ui.swagger.bestbuyapiplaygroundinfo.ProductCRUDTestWithSteps" name="This test will create a new product"/><testcase classname="ui.swagger.bestbuyapiplaygroundinfo.ProductCRUDTestWithSteps" name="Verify the product was added to the application"/><testcase classname="ui.swagger.bestbuyapiplaygroundinfo.ProductCRUDTestWithSteps" name="Update the user information and verify the updated information"/><testcase classname="ui.swagger.bestbuyapiplaygroundinfo.ProductCRUDTestWithSteps" name="Delete the product and verify if the product has been deleted"/></testsuite>