<?xml version="1.0" encoding="UTF-8"?><testsuite errors="0" failures="0" name="ui.swagger.bestbuyapiplaygroundinfo.StoresCRUDTest" skipped="0" tests="4" time="7.37" timestamp="2022-06-06T19:50:24.521+01:00[Europe/London]"><testcase classname="ui.swagger.bestbuyapiplaygroundinfo.StoresCRUDTest" name="This test will create a new store"/><testcase classname="ui.swagger.bestbuyapiplaygroundinfo.StoresCRUDTest" name="Verify the store was added to the application"/><testcase classname="ui.swagger.bestbuyapiplaygroundinfo.StoresCRUDTest" name="Update the store information to the application and verify"/><testcase classname="ui.swagger.bestbuyapiplaygroundinfo.StoresCRUDTest" name="Delete the store and verify if the store has been deleted"/></testsuite>