<?xml version="1.0" encoding="UTF-8"?><testsuite errors="0" failures="0" name="ui.swagger.bestbuyapiplaygroundinfo.StoreCRUDTestWithSteps" skipped="0" tests="4" time="8.08" timestamp="2022-06-07T12:32:05.327+01:00[Europe/London]"><testcase classname="ui.swagger.bestbuyapiplaygroundinfo.StoreCRUDTestWithSteps" name="This test will create a new store"/><testcase classname="ui.swagger.bestbuyapiplaygroundinfo.StoreCRUDTestWithSteps" name="Verify the store was added to the application"/><testcase classname="ui.swagger.bestbuyapiplaygroundinfo.StoreCRUDTestWithSteps" name="Update the store information and verify the updated information"/><testcase classname="ui.swagger.bestbuyapiplaygroundinfo.StoreCRUDTestWithSteps" name="Delete the product and verify if the product has been deleted"/></testsuite>